CRITICAL - 2025-06-14 03:30:38 --> ErrorException: Declaration of App\Cells\ArtikelTerkini::render(): string must be compatible with CodeIgniter\View\Cell::render(string $library, $params = null, int $ttl = 0, ?string $cacheName = null): string
[Method: GET, Route: /]
in APPPATH\Cells\ArtikelTerkini.php on line 16.
 1 [internal function]: CodeIgniter\Debug\Exceptions->shutdownHandler()
CRITICAL - 2025-06-14 04:09:51 --> ErrorException: Declaration of App\Cells\ArtikelTerkini::render(): string must be compatible with CodeIgniter\View\Cell::render(string $library, $params = null, int $ttl = 0, ?string $cacheName = null): string
[Method: GET, Route: /]
in APPPATH\Cells\ArtikelTerkini.php on line 16.
 1 [internal function]: CodeIgniter\Debug\Exceptions->shutdownHandler()
CRITICAL - 2025-06-14 04:11:20 --> ErrorException: Declaration of App\Cells\ArtikelTerkini::render(?string $view = null, array $params = [], int $ttl = 0, ?string $cacheName = null): string must be compatible with CodeIgniter\View\Cell::render(string $library, $params = null, int $ttl = 0, ?string $cacheName = null): string
[Method: GET, Route: /]
in APPPATH\Cells\ArtikelTerkini.php on line 16.
 1 [internal function]: CodeIgniter\Debug\Exceptions->shutdownHandler()
CRITICAL - 2025-06-14 04:11:21 --> ErrorException: Declaration of App\Cells\ArtikelTerkini::render(?string $view = null, array $params = [], int $ttl = 0, ?string $cacheName = null): string must be compatible with CodeIgniter\View\Cell::render(string $library, $params = null, int $ttl = 0, ?string $cacheName = null): string
[Method: GET, Route: /]
in APPPATH\Cells\ArtikelTerkini.php on line 16.
 1 [internal function]: CodeIgniter\Debug\Exceptions->shutdownHandler()
CRITICAL - 2025-06-14 04:12:19 --> CodeIgniter\View\Exceptions\ViewException: App\Cells\ArtikelTerkini::render is not a valid method.
[Method: GET, Route: /]
in SYSTEMPATH\View\Cell.php on line 99.
 1 SYSTEMPATH\View\Cell.php(99): CodeIgniter\View\Exceptions\ViewException::forInvalidCellMethod('App\\Cells\\ArtikelTerkini', 'render')
 2 SYSTEMPATH\Common.php(1189): CodeIgniter\View\Cell->render('App\\Cells\\ArtikelTerkini::render', [...], 0, 'AppCellsArtikelTerkinirenderffb116c47d34b87c65e28f5cf9b64d88')
 3 APPPATH\Views\home.php(7): view_cell('App\\Cells\\ArtikelTerkini::render', [...])
 4 SYSTEMPATH\View\View.php(224): include('C:\\xampp\\htdocs\\lab11_ci\\ci4\\app\\Views\\home.php')
 5 SYSTEMPATH\View\View.php(227): CodeIgniter\View\View->CodeIgniter\View\{closure}()
 6 SYSTEMPATH\Common.php(1173): CodeIgniter\View\View->render('home', [], true)
 7 APPPATH\Controllers\Home.php(13): view('home', [...])
 8 SYSTEMPATH\CodeIgniter.php(933): App\Controllers\Home->index()
 9 SYSTEMPATH\CodeIgniter.php(507): CodeIgniter\CodeIgniter->runController(Object(App\Controllers\Home))
10 SYSTEMPATH\CodeIgniter.php(354): CodeIgniter\CodeIgniter->handleRequest(null, Object(Config\Cache), false)
11 SYSTEMPATH\Boot.php(334): CodeIgniter\CodeIgniter->run()
12 SYSTEMPATH\Boot.php(67): CodeIgniter\Boot::runCodeIgniter(Object(CodeIgniter\CodeIgniter))
13 FCPATH\index.php(56): CodeIgniter\Boot::bootWeb(Object(Config\Paths))
CRITICAL - 2025-06-14 04:13:08 --> ErrorException: Declaration of App\Cells\ArtikelTerkini::render(?string $view = null, array $params = [], int $ttl = 0, ?string $cacheName = null): string must be compatible with CodeIgniter\View\Cell::render(string $library, $params = null, int $ttl = 0, ?string $cacheName = null): string
[Method: GET, Route: /]
in APPPATH\Cells\ArtikelTerkini.php on line 16.
 1 [internal function]: CodeIgniter\Debug\Exceptions->shutdownHandler()
